[01-Jun-2025 21:37:50 Europe/Berlin] SMTP: SERVER -> CLIENT: 220 smtp.gmail.com ESMTP 3f1490d57ef6-e7f73500ca4sm1869655276.43 - gsmtp

[01-Jun-2025 21:37:50 Europe/Berlin] SMTP: CLIENT -> SERVER: EHLO localhost

[01-Jun-2025 21:37:50 Europe/Berlin] SMTP: SERVER -> CLIENT: 250-smtp.gmail.com at your service, [2800:484:907d:8800:d9a8:a411:dd86:1721]
250-SIZE 35882577
250-8BITMIME
250-STARTTLS
250-ENHANCEDSTATUSCODES
250-PIPELINING
250-CHUNKING
250 SMTPUTF8

[01-Jun-2025 21:37:50 Europe/Berlin] SMTP: CLIENT -> SERVER: STARTTLS

[01-Jun-2025 21:37:50 Europe/Berlin] SMTP: SERVER -> CLIENT: 220 2.0.0 Ready to start TLS

[01-Jun-2025 21:37:50 Europe/Berlin] SMTP: CLIENT -> SERVER: EHLO localhost

[01-Jun-2025 21:37:51 Europe/Berlin] SMTP: SERVER -> CLIENT: 250-smtp.gmail.com at your service, [2800:484:907d:8800:d9a8:a411:dd86:1721]
250-SIZE 35882577
250-8BITMIME
250-AUTH LOGIN PLAIN XOAUTH2 PLAIN-CLIENTTOKEN OAUTHBEARER XOAUTH
250-ENHANCEDSTATUSCODES
250-PIPELINING
250-CHUNKING
250 SMTPUTF8

[01-Jun-2025 21:37:51 Europe/Berlin] SMTP: CLIENT -> SERVER: AUTH LOGIN

[01-Jun-2025 21:37:51 Europe/Berlin] SMTP: SERVER -> CLIENT: 334 VXNlcm5hbWU6

[01-Jun-2025 21:37:51 Europe/Berlin] SMTP: CLIENT -> SERVER: [credentials hidden]
[01-Jun-2025 21:37:51 Europe/Berlin] SMTP: SERVER -> CLIENT: 334 UGFzc3dvcmQ6

[01-Jun-2025 21:37:51 Europe/Berlin] SMTP: CLIENT -> SERVER: [credentials hidden]
[01-Jun-2025 21:37:51 Europe/Berlin] SMTP: SERVER -> CLIENT: 235 2.7.0 Accepted

[01-Jun-2025 21:37:51 Europe/Berlin] SMTP: CLIENT -> SERVER: MAIL FROM:<clubnkiapp@gmail.com>

[01-Jun-2025 21:37:51 Europe/Berlin] SMTP: SERVER -> CLIENT: 250 2.1.0 OK 3f1490d57ef6-e7f73500ca4sm1869655276.43 - gsmtp

[01-Jun-2025 21:37:51 Europe/Berlin] SMTP: CLIENT -> SERVER: RCPT TO:<TU_CORREO@gmail.com>

[01-Jun-2025 21:37:51 Europe/Berlin] SMTP: SERVER -> CLIENT: 250 2.1.5 OK 3f1490d57ef6-e7f73500ca4sm1869655276.43 - gsmtp

[01-Jun-2025 21:37:51 Europe/Berlin] SMTP: CLIENT -> SERVER: DATA

[01-Jun-2025 21:37:51 Europe/Berlin] SMTP: SERVER -> CLIENT: 354 Go ahead 3f1490d57ef6-e7f73500ca4sm1869655276.43 - gsmtp

[01-Jun-2025 21:37:51 Europe/Berlin] SMTP: CLIENT -> SERVER: Date: Sun, 1 Jun 2025 21:37:50 +0200

[01-Jun-2025 21:37:51 Europe/Berlin] SMTP: CLIENT -> SERVER: To: TU_CORREO@gmail.com

[01-Jun-2025 21:37:51 Europe/Berlin] SMTP: CLIENT -> SERVER: From: NKI <clubnkiapp@gmail.com>

[01-Jun-2025 21:37:51 Europe/Berlin] SMTP: CLIENT -> SERVER: Subject: =?iso-8859-1?Q?Tu_c=C3=B3digo_de_verificaci=C3=B3n?=

[01-Jun-2025 21:37:51 Europe/Berlin] SMTP: CLIENT -> SERVER: Message-ID: <o93KBZlnpRHRaoYNWRoGZ5bEa1uNiH7nuzHVDqCipQ@localhost>

[01-Jun-2025 21:37:51 Europe/Berlin] SMTP: CLIENT -> SERVER: X-Mailer: PHPMailer 6.10.0 (https://github.com/PHPMailer/PHPMailer)

[01-Jun-2025 21:37:51 Europe/Berlin] SMTP: CLIENT -> SERVER: MIME-Version: 1.0

[01-Jun-2025 21:37:51 Europe/Berlin] SMTP: CLIENT -> SERVER: Content-Type: text/html; charset=iso-8859-1

[01-Jun-2025 21:37:51 Europe/Berlin] SMTP: CLIENT -> SERVER: Content-Transfer-Encoding: 8bit

[01-Jun-2025 21:37:51 Europe/Berlin] SMTP: CLIENT -> SERVER: 

[01-Jun-2025 21:37:51 Europe/Berlin] SMTP: CLIENT -> SERVER: Tu código de verificación es: <b>123456</b>

[01-Jun-2025 21:37:51 Europe/Berlin] SMTP: CLIENT -> SERVER: 

[01-Jun-2025 21:37:51 Europe/Berlin] SMTP: CLIENT -> SERVER: .

[01-Jun-2025 21:37:52 Europe/Berlin] SMTP: SERVER -> CLIENT: 250 2.0.0 OK  1748806668 3f1490d57ef6-e7f73500ca4sm1869655276.43 - gsmtp

[01-Jun-2025 21:37:52 Europe/Berlin] SMTP: CLIENT -> SERVER: QUIT

[01-Jun-2025 21:37:52 Europe/Berlin] SMTP: SERVER -> CLIENT: 221 2.0.0 closing connection 3f1490d57ef6-e7f73500ca4sm1869655276.43 - gsmtp

[02-Jun-2025 00:11:07 Europe/Berlin] SMTP: SERVER -> CLIENT: 220 smtp.gmail.com ESMTP 00721157ae682-70f8abee931sm18037097b3.49 - gsmtp

[02-Jun-2025 00:11:07 Europe/Berlin] SMTP: CLIENT -> SERVER: EHLO localhost

[02-Jun-2025 00:11:08 Europe/Berlin] SMTP: SERVER -> CLIENT: 250-smtp.gmail.com at your service, [2800:484:907d:8800:d9a8:a411:dd86:1721]
250-SIZE 35882577
250-8BITMIME
250-STARTTLS
250-ENHANCEDSTATUSCODES
250-PIPELINING
250-CHUNKING
250 SMTPUTF8

[02-Jun-2025 00:11:08 Europe/Berlin] SMTP: CLIENT -> SERVER: STARTTLS

[02-Jun-2025 00:11:08 Europe/Berlin] SMTP: SERVER -> CLIENT: 220 2.0.0 Ready to start TLS

[02-Jun-2025 00:11:08 Europe/Berlin] SMTP: CLIENT -> SERVER: EHLO localhost

[02-Jun-2025 00:11:08 Europe/Berlin] SMTP: SERVER -> CLIENT: 250-smtp.gmail.com at your service, [2800:484:907d:8800:d9a8:a411:dd86:1721]
250-SIZE 35882577
250-8BITMIME
250-AUTH LOGIN PLAIN XOAUTH2 PLAIN-CLIENTTOKEN OAUTHBEARER XOAUTH
250-ENHANCEDSTATUSCODES
250-PIPELINING
250-CHUNKING
250 SMTPUTF8

[02-Jun-2025 00:11:08 Europe/Berlin] SMTP: CLIENT -> SERVER: AUTH LOGIN

[02-Jun-2025 00:11:08 Europe/Berlin] SMTP: SERVER -> CLIENT: 334 VXNlcm5hbWU6

[02-Jun-2025 00:11:08 Europe/Berlin] SMTP: CLIENT -> SERVER: [credentials hidden]
[02-Jun-2025 00:11:08 Europe/Berlin] SMTP: SERVER -> CLIENT: 334 UGFzc3dvcmQ6

[02-Jun-2025 00:11:08 Europe/Berlin] SMTP: CLIENT -> SERVER: [credentials hidden]
[02-Jun-2025 00:11:08 Europe/Berlin] SMTP: SERVER -> CLIENT: 235 2.7.0 Accepted

[02-Jun-2025 00:11:08 Europe/Berlin] SMTP: CLIENT -> SERVER: MAIL FROM:<clubnkiapp@gmail.com>

[02-Jun-2025 00:11:08 Europe/Berlin] SMTP: SERVER -> CLIENT: 250 2.1.0 OK 00721157ae682-70f8abee931sm18037097b3.49 - gsmtp

[02-Jun-2025 00:11:08 Europe/Berlin] SMTP: CLIENT -> SERVER: RCPT TO:<TU_CORREO@gmail.com>

[02-Jun-2025 00:11:09 Europe/Berlin] SMTP: SERVER -> CLIENT: 250 2.1.5 OK 00721157ae682-70f8abee931sm18037097b3.49 - gsmtp

[02-Jun-2025 00:11:09 Europe/Berlin] SMTP: CLIENT -> SERVER: DATA

[02-Jun-2025 00:11:09 Europe/Berlin] SMTP: SERVER -> CLIENT: 354 Go ahead 00721157ae682-70f8abee931sm18037097b3.49 - gsmtp

[02-Jun-2025 00:11:09 Europe/Berlin] SMTP: CLIENT -> SERVER: Date: Mon, 2 Jun 2025 00:11:07 +0200

[02-Jun-2025 00:11:09 Europe/Berlin] SMTP: CLIENT -> SERVER: To: TU_CORREO@gmail.com

[02-Jun-2025 00:11:09 Europe/Berlin] SMTP: CLIENT -> SERVER: From: NKI <clubnkiapp@gmail.com>

[02-Jun-2025 00:11:09 Europe/Berlin] SMTP: CLIENT -> SERVER: Subject: =?UTF-8?Q?Tu_c=C3=B3digo_de_verificaci=C3=B3n?=

[02-Jun-2025 00:11:09 Europe/Berlin] SMTP: CLIENT -> SERVER: Message-ID: <tYvrhonXOvC5xOmizTVrhGEV3Pvn8SacwQSuU9yWw@localhost>

[02-Jun-2025 00:11:09 Europe/Berlin] SMTP: CLIENT -> SERVER: X-Mailer: PHPMailer 6.10.0 (https://github.com/PHPMailer/PHPMailer)

[02-Jun-2025 00:11:09 Europe/Berlin] SMTP: CLIENT -> SERVER: MIME-Version: 1.0

[02-Jun-2025 00:11:09 Europe/Berlin] SMTP: CLIENT -> SERVER: Content-Type: text/html; charset=UTF-8

[02-Jun-2025 00:11:09 Europe/Berlin] SMTP: CLIENT -> SERVER: Content-Transfer-Encoding: 8bit

[02-Jun-2025 00:11:09 Europe/Berlin] SMTP: CLIENT -> SERVER: 

[02-Jun-2025 00:11:09 Europe/Berlin] SMTP: CLIENT -> SERVER: 

[02-Jun-2025 00:11:09 Europe/Berlin] SMTP: CLIENT -> SERVER:                 <div style='font-family: Arial, sans-serif; color: #222;'>

[02-Jun-2025 00:11:09 Europe/Berlin] SMTP: CLIENT -> SERVER:                     <h2 style='color: #0066cc;'>¡Bienvenido a NKI!</h2>

[02-Jun-2025 00:11:09 Europe/Berlin] SMTP: CLIENT -> SERVER:                     <p>Hola,</p>

[02-Jun-2025 00:11:09 Europe/Berlin] SMTP: CLIENT -> SERVER:                     <p>Tu código de verificación es:</p>

[02-Jun-2025 00:11:09 Europe/Berlin] SMTP: CLIENT -> SERVER:                     <div style='font-size: 2em; font-weight: bold; color: #0066cc; margin: 20px 0;'>123456</div>

[02-Jun-2025 00:11:09 Europe/Berlin] SMTP: CLIENT -> SERVER:                     <p>Por favor, ingresa este código en la página para completar tu registro.</p>

[02-Jun-2025 00:11:09 Europe/Berlin] SMTP: CLIENT -> SERVER:                     <hr>

[02-Jun-2025 00:11:09 Europe/Berlin] SMTP: CLIENT -> SERVER:                     <small>Si no solicitaste este código, puedes ignorar este mensaje.</small>

[02-Jun-2025 00:11:09 Europe/Berlin] SMTP: CLIENT -> SERVER:                 </div>

[02-Jun-2025 00:11:09 Europe/Berlin] SMTP: CLIENT -> SERVER:             

[02-Jun-2025 00:11:09 Europe/Berlin] SMTP: CLIENT -> SERVER: 

[02-Jun-2025 00:11:09 Europe/Berlin] SMTP: CLIENT -> SERVER: .

[02-Jun-2025 00:11:09 Europe/Berlin] SMTP: SERVER -> CLIENT: 250 2.0.0 OK  1748815866 00721157ae682-70f8abee931sm18037097b3.49 - gsmtp

[02-Jun-2025 00:11:09 Europe/Berlin] SMTP: CLIENT -> SERVER: QUIT

[02-Jun-2025 00:11:09 Europe/Berlin] SMTP: SERVER -> CLIENT: 221 2.0.0 closing connection 00721157ae682-70f8abee931sm18037097b3.49 - gsmtp

